0 info it worked if it ends with ok
1 verbose cli [ 'node', '/usr/local/bin/npm', 'uninstall', '-g', 'phonegap' ]
2 info using npm@1.4.28
3 info using node@v0.10.33
4 verbose lib/node_modules/phonegap unbuild
5 info preuninstall phonegap@3.5.0-0.20.5
6 info uninstall phonegap@3.5.0-0.20.5
7 verbose true,/usr/local/lib/node_modules,/usr/local/lib/node_modules unbuild phonegap@3.5.0-0.20.5
8 verbose /usr/local/bin,[object Object] binRoot
9 info postuninstall phonegap@3.5.0-0.20.5
10 error Error: EACCES, unlink '/usr/local/lib/node_modules/phonegap'
10 error  { [Error: EACCES, unlink '/usr/local/lib/node_modules/phonegap']
10 error   errno: 3,
10 error   code: 'EACCES',
10 error   path: '/usr/local/lib/node_modules/phonegap' }
11 error Please try running this command again as root/Administrator.
12 error System Darwin 13.4.0
13 error command "node" "/usr/local/bin/npm" "uninstall" "-g" "phonegap"
14 error cwd /Applications/MAMP/htdocs/Ash Ross/RaterDashboard_bak/phonegap
15 error node -v v0.10.33
16 error npm -v 1.4.28
17 error path /usr/local/lib/node_modules/phonegap
18 error code EACCES
19 error errno 3
20 error stack Error: EACCES, unlink '/usr/local/lib/node_modules/phonegap'
21 verbose exit [ 3, true ]
